<?xml version="1.0" encoding="UTF-8"?>
<!-- Generated by org.testng.reporters.JUnitXMLReporter -->
<testsuite ignored="0" hostname="DESKTOP-55AGI0I" failures="5" tests="6" name="Gradle test" time="166.704" errors="0" timestamp="2023-02-24T17:35:08 IST">
  <testcase classname="com.optum.insurance.tests.CanadaPhoneTest" name="verifyIncorrectCredentials" time="14.457"/>
  <testcase classname="com.optum.insurance.tests.CanadaPhoneTest" name="verifyIncorrectCredentials" time="10.441">
    <failure type="org.openqa.selenium.NoSuchElementException" message="no such element: Unable to locate element: {&amp;quot;method&amp;quot;:&amp;quot;xpath&amp;quot;,&amp;quot;selector&amp;quot;:&amp;quot;//*[@id=&amp;quot;ypgBody&amp;quot;]/div[3]/div/div[1]/div[2]/div[1]/div[1]/h1/span&amp;quot;}
  (Session info: chrome=110.0.5481.177)
For documentation on this error, please visit: https://selenium.dev/exceptions/#no_such_element
Build info: version: &amp;apos;4.8.1&amp;apos;, revision: &amp;apos;8ebccac989&amp;apos;
System info: os.name: &amp;apos;Windows 11&amp;apos;, os.arch: &amp;apos;amd64&amp;apos;, os.version: &amp;apos;10.0&amp;apos;, java.version: &amp;apos;11.0.15&amp;apos;
Driver info: org.openqa.selenium.chrome.ChromeDriver
Command: [e3ec218381065067cd5cb889f207afc3, findElement {using=xpath, value=//*[@id=&amp;quot;ypgBody&amp;quot;]/div[3]/div/div[1]/div[2]/div[1]/div[1]/h1/span}]
Capabilities {acceptInsecureCerts: false, browserName: chrome, browserVersion: 110.0.5481.177, chrome: {chromedriverVersion: 110.0.5481.77 (65ed616c6e8e..., userDataDir: C:\Program Files (x86)\scop...}, goog:chromeOptions: {debuggerAddress: localhost:63958}, networkConnectionEnabled: false, pageLoadStrategy: normal, platformName: WINDOWS, proxy: Proxy(), se:cdp: ws://localhost:63958/devtoo..., se:cdpVersion: 110.0.5481.177, setWindowRect: true, strictFileInteractability: false, timeouts: {implicit: 0, pageLoad: 300000, script: 30000}, unhandledPromptBehavior: dismiss and notify, webauthn:extension:credBlob: true, webauthn:extension:largeBlob: true, webauthn:virtualAuthenticators: true}
Session ID: e3ec218381065067cd5cb889f207afc3">
      <![CDATA[org.openqa.selenium.NoSuchElementException: no such element: Unable to locate element: {"method":"xpath","selector":"//*[@id="ypgBody"]/div[3]/div/div[1]/div[2]/div[1]/div[1]/h1/span"}
  (Session info: chrome=110.0.5481.177)
For documentation on this error, please visit: https://selenium.dev/exceptions/#no_such_element
Build info: version: '4.8.1', revision: '8ebccac989'
System info: os.name: 'Windows 11', os.arch: 'amd64', os.version: '10.0', java.version: '11.0.15'
Driver info: org.openqa.selenium.chrome.ChromeDriver
Command: [e3ec218381065067cd5cb889f207afc3, findElement {using=xpath, value=//*[@id="ypgBody"]/div[3]/div/div[1]/div[2]/div[1]/div[1]/h1/span}]
Capabilities {acceptInsecureCerts: false, browserName: chrome, browserVersion: 110.0.5481.177, chrome: {chromedriverVersion: 110.0.5481.77 (65ed616c6e8e..., userDataDir: C:\Program Files (x86)\scop...}, goog:chromeOptions: {debuggerAddress: localhost:63958}, networkConnectionEnabled: false, pageLoadStrategy: normal, platformName: WINDOWS, proxy: Proxy(), se:cdp: ws://localhost:63958/devtoo..., se:cdpVersion: 110.0.5481.177, setWindowRect: true, strictFileInteractability: false, timeouts: {implicit: 0, pageLoad: 300000, script: 30000}, unhandledPromptBehavior: dismiss and notify, webauthn:extension:credBlob: true, webauthn:extension:largeBlob: true, webauthn:virtualAuthenticators: true}
Session ID: e3ec218381065067cd5cb889f207afc3
at org.openqa.selenium.remote.codec.w3c.W3CHttpResponseCodec.createException(W3CHttpResponseCodec.java:200)
at org.openqa.selenium.remote.codec.w3c.W3CHttpResponseCodec.decode(W3CHttpResponseCodec.java:133)
at org.openqa.selenium.remote.codec.w3c.W3CHttpResponseCodec.decode(W3CHttpResponseCodec.java:53)
at org.openqa.selenium.remote.HttpCommandExecutor.execute(HttpCommandExecutor.java:184)
at org.openqa.selenium.remote.service.DriverCommandExecutor.invokeExecute(DriverCommandExecutor.java:167)
at org.openqa.selenium.remote.service.DriverCommandExecutor.execute(DriverCommandExecutor.java:142)
at org.openqa.selenium.remote.RemoteWebDriver.execute(RemoteWebDriver.java:543)
at org.openqa.selenium.remote.ElementLocation$ElementFinder$2.findElement(ElementLocation.java:162)
at org.openqa.selenium.remote.ElementLocation.findElement(ElementLocation.java:60)
at org.openqa.selenium.remote.RemoteWebDriver.findElement(RemoteWebDriver.java:352)
at org.openqa.selenium.remote.RemoteWebDriver.findElement(RemoteWebDriver.java:344)
at org.openqa.selenium.WebDriver$findElement$1.call(Unknown Source)
at com.optum.insurance.tests.CanadaPhoneTest.verifyIncorrectCredentials(CanadaPhoneTest.groovy:40)
at java.base/java.util.ArrayList.forEach(ArrayList.java:1541)
at com.sun.proxy.$Proxy2.stop(Unknown Source)
... Removed 48 stack frames]]>
    </failure>
  </testcase> <!-- verifyIncorrectCredentials -->
  <testcase classname="com.optum.insurance.tests.CanadaPhoneTest" name="verifyIncorrectCredentials" time="25.934">
    <failure type="java.lang.AssertionError" message="expected [Golf Town] but found [Royal Building Supplies Ltd]">
      <![CDATA[java.lang.AssertionError: expected [Golf Town] but found [Royal Building Supplies Ltd]
at com.optum.insurance.tests.CanadaPhoneTest.verifyIncorrectCredentials(CanadaPhoneTest.groovy:43)
at java.base/java.util.ArrayList.forEach(ArrayList.java:1541)
at com.sun.proxy.$Proxy2.stop(Unknown Source)
... Removed 51 stack frames]]>
    </failure>
  </testcase> <!-- verifyIncorrectCredentials -->
  <testcase classname="com.optum.insurance.tests.CanadaPhoneTest" name="verifyIncorrectCredentials" time="33.689">
    <failure type="org.openqa.selenium.NoSuchElementException" message="no such element: Unable to locate element: {&amp;quot;method&amp;quot;:&amp;quot;xpath&amp;quot;,&amp;quot;selector&amp;quot;:&amp;quot;//*[@id=&amp;quot;ypgBody&amp;quot;]/div[3]/div/div[1]/div[2]/div[1]/div[1]/h1/span&amp;quot;}
  (Session info: chrome=110.0.5481.177)
For documentation on this error, please visit: https://selenium.dev/exceptions/#no_such_element
Build info: version: &amp;apos;4.8.1&amp;apos;, revision: &amp;apos;8ebccac989&amp;apos;
System info: os.name: &amp;apos;Windows 11&amp;apos;, os.arch: &amp;apos;amd64&amp;apos;, os.version: &amp;apos;10.0&amp;apos;, java.version: &amp;apos;11.0.15&amp;apos;
Driver info: org.openqa.selenium.chrome.ChromeDriver
Command: [768be047327b36ee0f4b56559047e491, findElement {using=xpath, value=//*[@id=&amp;quot;ypgBody&amp;quot;]/div[3]/div/div[1]/div[2]/div[1]/div[1]/h1/span}]
Capabilities {acceptInsecureCerts: false, browserName: chrome, browserVersion: 110.0.5481.177, chrome: {chromedriverVersion: 110.0.5481.77 (65ed616c6e8e..., userDataDir: C:\Program Files (x86)\scop...}, goog:chromeOptions: {debuggerAddress: localhost:64346}, networkConnectionEnabled: false, pageLoadStrategy: normal, platformName: WINDOWS, proxy: Proxy(), se:cdp: ws://localhost:64346/devtoo..., se:cdpVersion: 110.0.5481.177, setWindowRect: true, strictFileInteractability: false, timeouts: {implicit: 0, pageLoad: 300000, script: 30000}, unhandledPromptBehavior: dismiss and notify, webauthn:extension:credBlob: true, webauthn:extension:largeBlob: true, webauthn:virtualAuthenticators: true}
Session ID: 768be047327b36ee0f4b56559047e491">
      <![CDATA[org.openqa.selenium.NoSuchElementException: no such element: Unable to locate element: {"method":"xpath","selector":"//*[@id="ypgBody"]/div[3]/div/div[1]/div[2]/div[1]/div[1]/h1/span"}
  (Session info: chrome=110.0.5481.177)
For documentation on this error, please visit: https://selenium.dev/exceptions/#no_such_element
Build info: version: '4.8.1', revision: '8ebccac989'
System info: os.name: 'Windows 11', os.arch: 'amd64', os.version: '10.0', java.version: '11.0.15'
Driver info: org.openqa.selenium.chrome.ChromeDriver
Command: [768be047327b36ee0f4b56559047e491, findElement {using=xpath, value=//*[@id="ypgBody"]/div[3]/div/div[1]/div[2]/div[1]/div[1]/h1/span}]
Capabilities {acceptInsecureCerts: false, browserName: chrome, browserVersion: 110.0.5481.177, chrome: {chromedriverVersion: 110.0.5481.77 (65ed616c6e8e..., userDataDir: C:\Program Files (x86)\scop...}, goog:chromeOptions: {debuggerAddress: localhost:64346}, networkConnectionEnabled: false, pageLoadStrategy: normal, platformName: WINDOWS, proxy: Proxy(), se:cdp: ws://localhost:64346/devtoo..., se:cdpVersion: 110.0.5481.177, setWindowRect: true, strictFileInteractability: false, timeouts: {implicit: 0, pageLoad: 300000, script: 30000}, unhandledPromptBehavior: dismiss and notify, webauthn:extension:credBlob: true, webauthn:extension:largeBlob: true, webauthn:virtualAuthenticators: true}
Session ID: 768be047327b36ee0f4b56559047e491
at org.openqa.selenium.remote.codec.w3c.W3CHttpResponseCodec.createException(W3CHttpResponseCodec.java:200)
at org.openqa.selenium.remote.codec.w3c.W3CHttpResponseCodec.decode(W3CHttpResponseCodec.java:133)
at org.openqa.selenium.remote.codec.w3c.W3CHttpResponseCodec.decode(W3CHttpResponseCodec.java:53)
at org.openqa.selenium.remote.HttpCommandExecutor.execute(HttpCommandExecutor.java:184)
at org.openqa.selenium.remote.service.DriverCommandExecutor.invokeExecute(DriverCommandExecutor.java:167)
at org.openqa.selenium.remote.service.DriverCommandExecutor.execute(DriverCommandExecutor.java:142)
at org.openqa.selenium.remote.RemoteWebDriver.execute(RemoteWebDriver.java:543)
at org.openqa.selenium.remote.ElementLocation$ElementFinder$2.findElement(ElementLocation.java:162)
at org.openqa.selenium.remote.ElementLocation.findElement(ElementLocation.java:60)
at org.openqa.selenium.remote.RemoteWebDriver.findElement(RemoteWebDriver.java:352)
at org.openqa.selenium.remote.RemoteWebDriver.findElement(RemoteWebDriver.java:344)
at org.openqa.selenium.WebDriver$findElement$1.call(Unknown Source)
at com.optum.insurance.tests.CanadaPhoneTest.verifyIncorrectCredentials(CanadaPhoneTest.groovy:40)
at java.base/java.util.ArrayList.forEach(ArrayList.java:1541)
at com.sun.proxy.$Proxy2.stop(Unknown Source)
... Removed 48 stack frames]]>
    </failure>
  </testcase> <!-- verifyIncorrectCredentials -->
  <testcase classname="com.optum.insurance.tests.CanadaPhoneTest" name="verifyIncorrectCredentials" time="14.365">
    <failure type="java.lang.AssertionError" message="expected [Golf Town] but found [Cornerstone Construction Services Inc]">
      <![CDATA[java.lang.AssertionError: expected [Golf Town] but found [Cornerstone Construction Services Inc]
at com.optum.insurance.tests.CanadaPhoneTest.verifyIncorrectCredentials(CanadaPhoneTest.groovy:43)
at java.base/java.util.ArrayList.forEach(ArrayList.java:1541)
at com.sun.proxy.$Proxy2.stop(Unknown Source)
... Removed 51 stack frames]]>
    </failure>
  </testcase> <!-- verifyIncorrectCredentials -->
  <testcase classname="com.optum.insurance.tests.CanadaPhoneTest" name="verifyIncorrectCredentials" time="16.743">
    <failure type="java.lang.AssertionError" message="expected [Golf Town] but found [AHM Logistics Inc]">
      <![CDATA[java.lang.AssertionError: expected [Golf Town] but found [AHM Logistics Inc]
at com.optum.insurance.tests.CanadaPhoneTest.verifyIncorrectCredentials(CanadaPhoneTest.groovy:43)
at java.base/java.util.ArrayList.forEach(ArrayList.java:1541)
at com.sun.proxy.$Proxy2.stop(Unknown Source)
... Removed 51 stack frames]]>
    </failure>
  </testcase> <!-- verifyIncorrectCredentials -->
</testsuite> <!-- Gradle test -->
